<?xml version="1.0" encoding="UTF-8"?>
<testng-results skipped="0" failed="0" ignored="0" total="1" passed="1">
  <reporter-output>
  </reporter-output>
  <suite name="Default suite" duration-ms="6498" started-at="2020-02-11T15:38:56Z" finished-at="2020-02-11T15:39:02Z">
    <groups>
    </groups>
    <test name="Default test" duration-ms="6498" started-at="2020-02-11T15:38:56Z" finished-at="2020-02-11T15:39:02Z">
      <class name="hands.on.appium_ios.MobileNativeAppExample">
        <test-method status="PASS" signature="testAppActivity()[pri:0, instance:hands.on.appium_ios.MobileNativeAppExample@67b92f0a]" name="testAppActivity" duration-ms="6475" started-at="2020-02-11T15:38:56Z" finished-at="2020-02-11T15:39:02Z">
          <reporter-output>
          </reporter-output>
        </test-method> <!-- testAppActivity -->
      </class> <!-- hands.on.appium_ios.MobileNativeAppExample -->
    </test> <!-- Default test -->
  </suite> <!-- Default suite -->
</testng-results>
